c:\users\kim\documents\github\small_game_project\smallgameproject\smallgameproject\x64\debug\vc140.pdb
c:\users\kim\documents\github\small_game_project\smallgameproject\smallgameproject\x64\debug\vc140.idb
c:\users\kim\documents\github\small_game_project\smallgameproject\smallgameproject\x64\debug\particleemitter.obj
c:\users\kim\documents\github\small_game_project\smallgameproject\smallgameproject\x64\debug\particlehandler.obj
c:\users\kim\documents\github\small_game_project\smallgameproject\smallgameproject\x64\debug\particleshaderhandler.obj
c:\users\kim\documents\github\small_game_project\smallgameproject\smallgameproject\x64\debug\player.obj
c:\users\kim\documents\github\small_game_project\smallgameproject\smallgameproject\x64\debug\projectile.obj
c:\users\kim\documents\github\small_game_project\smallgameproject\smallgameproject\x64\debug\projectilehandler.obj
c:\users\kim\documents\github\small_game_project\smallgameproject\smallgameproject\x64\debug\rangedenemy.obj
c:\users\kim\documents\github\small_game_project\smallgameproject\smallgameproject\x64\debug\reversefire.obj
c:\users\kim\documents\github\small_game_project\smallgameproject\smallgameproject\x64\debug\screenquad.obj
c:\users\kim\documents\github\small_game_project\smallgameproject\smallgameproject\x64\debug\shadowshaderhandler.obj
c:\users\kim\documents\github\small_game_project\smallgameproject\smallgameproject\x64\debug\sphereboundingvolume.obj
c:\users\kim\documents\github\small_game_project\smallgameproject\smallgameproject\x64\debug\splitfire.obj
c:\users\kim\documents\github\small_game_project\smallgameproject\smallgameproject\x64\debug\stagestate.obj
c:\users\kim\documents\github\small_game_project\smallgameproject\smallgameproject\x64\debug\startstate.obj
c:\users\kim\documents\github\small_game_project\smallgameproject\smallgameproject\x64\debug\subject.obj
c:\users\kim\documents\github\small_game_project\smallgameproject\smallgameproject\x64\debug\system.obj
c:\users\kim\documents\github\small_game_project\smallgameproject\smallgameproject\x64\debug\teststate.obj
c:\users\kim\documents\github\small_game_project\smallgameproject\smallgameproject\x64\debug\texthandler.obj
c:\users\kim\documents\github\small_game_project\smallgameproject\smallgameproject\x64\debug\texture.obj
c:\users\kim\documents\github\small_game_project\smallgameproject\smallgameproject\x64\debug\weapon.obj
c:\users\kim\documents\github\small_game_project\smallgameproject\smallgameproject\x64\debug\entity.obj
c:\users\kim\documents\github\small_game_project\smallgameproject\smallgameproject\x64\debug\entitysubject.obj
c:\users\kim\documents\github\small_game_project\smallgameproject\smallgameproject\x64\debug\font.obj
c:\users\kim\documents\github\small_game_project\smallgameproject\smallgameproject\x64\debug\fontshaderhandler.obj
c:\users\kim\documents\github\small_game_project\smallgameproject\smallgameproject\x64\debug\gamedata.obj
c:\users\kim\documents\github\small_game_project\smallgameproject\smallgameproject\x64\debug\gamestate.obj
c:\users\kim\documents\github\small_game_project\smallgameproject\smallgameproject\x64\debug\gamestatehandler.obj
c:\users\kim\documents\github\small_game_project\smallgameproject\smallgameproject\x64\debug\graphichandler.obj
c:\users\kim\documents\github\small_game_project\smallgameproject\smallgameproject\x64\debug\inputhandler.obj
c:\users\kim\documents\github\small_game_project\smallgameproject\smallgameproject\x64\debug\lightshaderhandler.obj
c:\users\kim\documents\github\small_game_project\smallgameproject\smallgameproject\x64\debug\main.obj
c:\users\kim\documents\github\small_game_project\smallgameproject\smallgameproject\x64\debug\meleeenemy.obj
c:\users\kim\documents\github\small_game_project\smallgameproject\smallgameproject\x64\debug\menustate.obj
c:\users\kim\documents\github\small_game_project\smallgameproject\smallgameproject\x64\debug\model.obj
c:\users\kim\documents\github\small_game_project\smallgameproject\smallgameproject\x64\debug\movedowncommand.obj
c:\users\kim\documents\github\small_game_project\smallgameproject\smallgameproject\x64\debug\moveleftcommand.obj
c:\users\kim\documents\github\small_game_project\smallgameproject\smallgameproject\x64\debug\moverightcommand.obj
c:\users\kim\documents\github\small_game_project\smallgameproject\smallgameproject\x64\debug\moveupcommand.obj
c:\users\kim\documents\github\small_game_project\smallgameproject\smallgameproject\x64\debug\observer.obj
c:\users\kim\documents\github\small_game_project\smallgameproject\smallgameproject\x64\debug\particle.obj
c:\users\kim\documents\github\small_game_project\smallgameproject\smallgameproject\x64\debug\actor.obj
c:\users\kim\documents\github\small_game_project\smallgameproject\smallgameproject\x64\debug\ai.obj
c:\users\kim\documents\github\small_game_project\smallgameproject\smallgameproject\x64\debug\algorithm.obj
c:\users\kim\documents\github\small_game_project\smallgameproject\smallgameproject\x64\debug\arcfire.obj
c:\users\kim\documents\github\small_game_project\smallgameproject\smallgameproject\x64\debug\audiohandler.obj
c:\users\kim\documents\github\small_game_project\smallgameproject\smallgameproject\x64\debug\bomberenemy.obj
c:\users\kim\documents\github\small_game_project\smallgameproject\smallgameproject\x64\debug\boundingvolume.obj
c:\users\kim\documents\github\small_game_project\smallgameproject\smallgameproject\x64\debug\boxboundingvolume.obj
c:\users\kim\documents\github\small_game_project\smallgameproject\smallgameproject\x64\debug\camerahandler.obj
c:\users\kim\documents\github\small_game_project\smallgameproject\smallgameproject\x64\debug\command.obj
c:\users\kim\documents\github\small_game_project\smallgameproject\smallgameproject\x64\debug\d3dhandler.obj
c:\users\kim\documents\github\small_game_project\smallgameproject\smallgameproject\x64\debug\deferredshaderhandler.obj
c:\users\kim\documents\github\small_game_project\smallgameproject\smallgameproject\x64\debug\emitterholder.obj
c:\users\kim\documents\github\small_game_project\smallgameproject\smallgameproject\x64\debug\emitterplayerspawn.obj
c:\users\kim\documents\github\small_game_project\smallgameproject\smallgameproject\x64\debug\emitterprototype.obj
c:\users\kim\documents\github\small_game_project\smallgameproject\smallgameproject\x64\debug\enemy.obj
c:\users\kim\documents\github\small_game_project\smallgameproject\x64\debug\deferredgeometryshader.cso
c:\users\kim\documents\github\small_game_project\smallgameproject\x64\debug\deferredpixelshader.cso
c:\users\kim\documents\github\small_game_project\smallgameproject\x64\debug\deferredvertexshader.cso
c:\users\kim\documents\github\small_game_project\smallgameproject\x64\debug\fontpixelshader.cso
c:\users\kim\documents\github\small_game_project\smallgameproject\x64\debug\fontvertexshader.cso
c:\users\kim\documents\github\small_game_project\smallgameproject\x64\debug\lightpixelshader.cso
c:\users\kim\documents\github\small_game_project\smallgameproject\x64\debug\lightvertexshader.cso
c:\users\kim\documents\github\small_game_project\smallgameproject\x64\debug\particlegeometryshader.cso
c:\users\kim\documents\github\small_game_project\smallgameproject\x64\debug\particlepixelshader.cso
c:\users\kim\documents\github\small_game_project\smallgameproject\x64\debug\particlevertexshader.cso
c:\users\kim\documents\github\small_game_project\smallgameproject\x64\debug\shadowmapvertexshader.cso
c:\users\kim\documents\github\small_game_project\smallgameproject\x64\debug\smallgameproject.ilk
c:\users\kim\documents\github\small_game_project\smallgameproject\x64\debug\smallgameproject.exe
c:\users\kim\documents\github\small_game_project\smallgameproject\x64\debug\smallgameproject.pdb
c:\users\kim\documents\github\small_game_project\smallgameproject\smallgameproject\x64\debug\smallgameproject.tlog\cl.command.1.tlog
c:\users\kim\documents\github\small_game_project\smallgameproject\smallgameproject\x64\debug\smallgameproject.tlog\cl.read.1.tlog
c:\users\kim\documents\github\small_game_project\smallgameproject\smallgameproject\x64\debug\smallgameproject.tlog\cl.write.1.tlog
c:\users\kim\documents\github\small_game_project\smallgameproject\smallgameproject\x64\debug\smallgameproject.tlog\fxc.command.1.tlog
c:\users\kim\documents\github\small_game_project\smallgameproject\smallgameproject\x64\debug\smallgameproject.tlog\fxc.read.1.tlog
c:\users\kim\documents\github\small_game_project\smallgameproject\smallgameproject\x64\debug\smallgameproject.tlog\fxc.write.1.tlog
c:\users\kim\documents\github\small_game_project\smallgameproject\smallgameproject\x64\debug\smallgameproject.tlog\link.command.1.tlog
c:\users\kim\documents\github\small_game_project\smallgameproject\smallgameproject\x64\debug\smallgameproject.tlog\link.read.1.tlog
c:\users\kim\documents\github\small_game_project\smallgameproject\smallgameproject\x64\debug\smallgameproject.tlog\link.write.1.tlog
c:\users\kim\documents\github\small_game_project\smallgameproject\smallgameproject\x64\debug\smallgameproject.tlog\smallgameproject.write.1u.tlog
